Class {
    magic: 3405691582,
    minor: 0,
    major: 47,
    constant_pool: ConstantPool {
        size: 38,
        pool: [
            (
                0,
                JString(
                    "correct to 1 indexed",
                ),
            ),
            (
                1,
                JStrRef(
                    25,
                ),
            ),
            (
                2,
                JClassRef(
                    26,
                ),
            ),
            (
                3,
                JClassRef(
                    32,
                ),
            ),
            (
                4,
                JClassRef(
                    33,
                ),
            ),
            (
                5,
                JClassRef(
                    34,
                ),
            ),
            (
                6,
                JFieldRef(
                    2,
                    14,
                ),
            ),
            (
                7,
                JFieldRef(
                    2,
                    15,
                ),
            ),
            (
                8,
                JMethodRef(
                    3,
                    16,
                ),
            ),
            (
                9,
                JMethodRef(
                    3,
                    17,
                ),
            ),
            (
                10,
                JMethodRef(
                    4,
                    13,
                ),
            ),
            (
                11,
                JMethodRef(
                    5,
                    12,
                ),
            ),
            (
                12,
                JNameTypeDescriptor(
                    23,
                    18,
                ),
            ),
            (
                13,
                JNameTypeDescriptor(
                    23,
                    19,
                ),
            ),
            (
                14,
                JNameTypeDescriptor(
                    29,
                    27,
                ),
            ),
            (
                15,
                JNameTypeDescriptor(
                    29,
                    28,
                ),
            ),
            (
                16,
                JNameTypeDescriptor(
                    31,
                    21,
                ),
            ),
            (
                17,
                JNameTypeDescriptor(
                    36,
                    20,
                ),
            ),
            (
                18,
                JString(
                    "()V",
                ),
            ),
            (
                19,
                JString(
                    "(Ljava/lang/String;)V",
                ),
            ),
            (
                20,
                JString(
                    "(Ljavax/microedition/lcdui/Displayable;)V",
                ),
            ),
            (
                21,
                JString(
                    "(Ljavax/microedition/midlet/MIDlet;)Ljavax/microedition/lcdui/Display;",
                ),
            ),
            (
                22,
                JString(
                    "(Z)V",
                ),
            ),
            (
                23,
                JString(
                    "<init>",
                ),
            ),
            (
                24,
                JString(
                    "Code",
                ),
            ),
            (
                25,
                JString(
                    "Hello World",
                ),
            ),
            (
                26,
                JString(
                    "HelloMIDlet",
                ),
            ),
            (
                27,
                JString(
                    "Ljavax/microedition/lcdui/Display;",
                ),
            ),
            (
                28,
                JString(
                    "Ljavax/microedition/lcdui/Form;",
                ),
            ),
            (
                29,
                JString(
                    "a",
                ),
            ),
            (
                30,
                JString(
                    "destroyApp",
                ),
            ),
            (
                31,
                JString(
                    "getDisplay",
                ),
            ),
            (
                32,
                JString(
                    "javax/microedition/lcdui/Display",
                ),
            ),
            (
                33,
                JString(
                    "javax/microedition/lcdui/Form",
                ),
            ),
            (
                34,
                JString(
                    "javax/microedition/midlet/MIDlet",
                ),
            ),
            (
                35,
                JString(
                    "pauseApp",
                ),
            ),
            (
                36,
                JString(
                    "setCurrent",
                ),
            ),
            (
                37,
                JString(
                    "startApp",
                ),
            ),
        ],
    },
    access_flags: 33,
    this_class_idx: 2,
    super_class_idx: 5,
    interface_pool: InterfacePool {
        size: 0,
        interfaces: [],
    },
    field_pool: FieldPool {
        size: 2,
        fields: [
            FieldInfo {
                access_flags: 2,
                name: "a",
                descriptor: "Ljavax/microedition/lcdui/Display;",
                attribute_pool: AttributePool {
                    size: 0,
                    info: [],
                },
            },
            FieldInfo {
                access_flags: 2,
                name: "a",
                descriptor: "Ljavax/microedition/lcdui/Form;",
                attribute_pool: AttributePool {
                    size: 0,
                    info: [],
                },
            },
        ],
    },
    method_pool: MethodPool {
        size: 4,
        methods: [
            MethodInfo {
                access_flags: 1,
                name: "<init>",
                descriptor: "()V",
                attribute_pool: AttributePool {
                    size: 1,
                    info: [
                        Code(
                            CodeAttribute {
                                max_stack: 4,
                                max_locals: 1,
                                code: CodePool {
                                    code_length: 18,
                                    code: [
                                        OpALoad0,
                                        OpInvokeSpecial(
                                            "javax/microedition/midlet/MIDlet",
                                            "<init>",
                                            "()V",
                                        ),
                                        OpALoad0,
                                        OpNew(
                                            "javax/microedition/lcdui/Form",
                                        ),
                                        OpDup,
                                        OpLdc,
                                        OpAConstNull,
                                        OpInvokeSpecial(
                                            "javax/microedition/lcdui/Form",
                                            "<init>",
                                            "(Ljava/lang/String;)V",
                                        ),
                                        OpPutField(
                                            "HelloMIDlet",
                                            "a",
                                            "Ljavax/microedition/lcdui/Form;",
                                        ),
                                        OpReturn,
                                    ],
                                },
                                exception_table: ExceptionTablePool {
                                    length: 0,
                                    exceptions_table: [],
                                },
                                attribute_pool: AttributePool {
                                    size: 0,
                                    info: [],
                                },
                            },
                        ),
                    ],
                },
            },
            MethodInfo {
                access_flags: 4,
                name: "startApp",
                descriptor: "()V",
                attribute_pool: AttributePool {
                    size: 1,
                    info: [
                        Code(
                            CodeAttribute {
                                max_stack: 2,
                                max_locals: 1,
                                code: CodePool {
                                    code_length: 20,
                                    code: [
                                        OpALoad0,
                                        OpALoad0,
                                        OpInvokeStatic(
                                            "javax/microedition/lcdui/Display",
                                            "getDisplay",
                                            "(Ljavax/microedition/midlet/MIDlet;)Ljavax/microedition/lcdui/Display;",
                                        ),
                                        OpPutField(
                                            "HelloMIDlet",
                                            "a",
                                            "Ljavax/microedition/lcdui/Display;",
                                        ),
                                        OpALoad0,
                                        OpGetField(
                                            "HelloMIDlet",
                                            "a",
                                            "Ljavax/microedition/lcdui/Display;",
                                        ),
                                        OpALoad0,
                                        OpGetField(
                                            "HelloMIDlet",
                                            "a",
                                            "Ljavax/microedition/lcdui/Form;",
                                        ),
                                        OpInvokeVirtual(
                                            "javax/microedition/lcdui/Display",
                                            "setCurrent",
                                            "(Ljavax/microedition/lcdui/Displayable;)V",
                                        ),
                                        OpReturn,
                                    ],
                                },
                                exception_table: ExceptionTablePool {
                                    length: 0,
                                    exceptions_table: [],
                                },
                                attribute_pool: AttributePool {
                                    size: 0,
                                    info: [],
                                },
                            },
                        ),
                    ],
                },
            },
            MethodInfo {
                access_flags: 4,
                name: "pauseApp",
                descriptor: "()V",
                attribute_pool: AttributePool {
                    size: 1,
                    info: [
                        Code(
                            CodeAttribute {
                                max_stack: 0,
                                max_locals: 1,
                                code: CodePool {
                                    code_length: 1,
                                    code: [
                                        OpReturn,
                                    ],
                                },
                                exception_table: ExceptionTablePool {
                                    length: 0,
                                    exceptions_table: [],
                                },
                                attribute_pool: AttributePool {
                                    size: 0,
                                    info: [],
                                },
                            },
                        ),
                    ],
                },
            },
            MethodInfo {
                access_flags: 4,
                name: "destroyApp",
                descriptor: "(Z)V",
                attribute_pool: AttributePool {
                    size: 1,
                    info: [
                        Code(
                            CodeAttribute {
                                max_stack: 0,
                                max_locals: 2,
                                code: CodePool {
                                    code_length: 1,
                                    code: [
                                        OpReturn,
                                    ],
                                },
                                exception_table: ExceptionTablePool {
                                    length: 0,
                                    exceptions_table: [],
                                },
                                attribute_pool: AttributePool {
                                    size: 0,
                                    info: [],
                                },
                            },
                        ),
                    ],
                },
            },
        ],
    },
    attribute_pool: AttributePool {
        size: 0,
        info: [],
    },
}
test tests::hello_world ... ok

test result: ok. 1 passed; 0 failed; 0 ignored; 0 measured; 0 filtered out; finished in 0.00s


running 0 tests

test result: ok. 0 passed; 0 failed; 0 ignored; 0 measured; 0 filtered out; finished in 0.00s

